{"/home/zer0/codes/qa-code-quiz/mockedAPI/index.js": {"path":"/home/zer0/codes/qa-code-quiz/mockedAPI/index.js","statementMap":{"0":{"start":{"line":1,"column":11},"end":{"line":1,"column":24}},"1":{"start":{"line":2,"column":16},"end":{"line":2,"column":34}},"2":{"start":{"line":3,"column":13},"end":{"line":3,"column":28}},"3":{"start":{"line":4,"column":12},"end":{"line":4,"column":21}},"4":{"start":{"line":6,"column":0},"end":{"line":6,"column":24}},"5":{"start":{"line":8,"column":0},"end":{"line":11,"column":2}},"6":{"start":{"line":9,"column":4},"end":{"line":9,"column":42}},"7":{"start":{"line":10,"column":4},"end":{"line":10,"column":28}},"8":{"start":{"line":14,"column":0},"end":{"line":38,"column":2}},"9":{"start":{"line":15,"column":4},"end":{"line":15,"column":36}},"10":{"start":{"line":16,"column":4},"end":{"line":16,"column":46}},"11":{"start":{"line":17,"column":88},"end":{"line":17,"column":96}},"12":{"start":{"line":18,"column":4},"end":{"line":18,"column":93}},"13":{"start":{"line":20,"column":21},"end":{"line":20,"column":71}},"14":{"start":{"line":22,"column":4},"end":{"line":22,"column":26}},"15":{"start":{"line":24,"column":17},"end":{"line":24,"column":37}},"16":{"start":{"line":26,"column":17},"end":{"line":32,"column":5}},"17":{"start":{"line":34,"column":4},"end":{"line":35,"column":44}},"18":{"start":{"line":34,"column":24},"end":{"line":34,"column":46}},"19":{"start":{"line":35,"column":9},"end":{"line":35,"column":44}},"20":{"start":{"line":37,"column":4},"end":{"line":37,"column":113}},"21":{"start":{"line":41,"column":0},"end":{"line":54,"column":2}},"22":{"start":{"line":42,"column":4},"end":{"line":42,"column":33}},"23":{"start":{"line":43,"column":21},"end":{"line":43,"column":42}},"24":{"start":{"line":45,"column":4},"end":{"line":45,"column":74}},"25":{"start":{"line":46,"column":21},"end":{"line":46,"column":71}},"26":{"start":{"line":47,"column":17},"end":{"line":47,"column":37}},"27":{"start":{"line":49,"column":4},"end":{"line":50,"column":44}},"28":{"start":{"line":49,"column":23},"end":{"line":49,"column":45}},"29":{"start":{"line":50,"column":9},"end":{"line":50,"column":44}},"30":{"start":{"line":52,"column":4},"end":{"line":52,"column":22}},"31":{"start":{"line":53,"column":4},"end":{"line":53,"column":113}},"32":{"start":{"line":56,"column":0},"end":{"line":80,"column":2}},"33":{"start":{"line":57,"column":4},"end":{"line":57,"column":33}},"34":{"start":{"line":58,"column":21},"end":{"line":58,"column":42}},"35":{"start":{"line":59,"column":4},"end":{"line":59,"column":74}},"36":{"start":{"line":60,"column":21},"end":{"line":60,"column":71}},"37":{"start":{"line":62,"column":78},"end":{"line":62,"column":86}},"38":{"start":{"line":63,"column":4},"end":{"line":63,"column":93}},"39":{"start":{"line":65,"column":17},"end":{"line":65,"column":37}},"40":{"start":{"line":67,"column":17},"end":{"line":72,"column":5}},"41":{"start":{"line":74,"column":4},"end":{"line":75,"column":44}},"42":{"start":{"line":74,"column":23},"end":{"line":74,"column":45}},"43":{"start":{"line":75,"column":9},"end":{"line":75,"column":44}},"44":{"start":{"line":77,"column":4},"end":{"line":77,"column":22}},"45":{"start":{"line":79,"column":4},"end":{"line":79,"column":113}},"46":{"start":{"line":82,"column":0},"end":{"line":84,"column":3}},"47":{"start":{"line":83,"column":4},"end":{"line":83,"column":54}},"48":{"start":{"line":86,"column":0},"end":{"line":86,"column":21}}},"fnMap":{"0":{"name":"(anonymous_0)","decl":{"start":{"line":8,"column":13},"end":{"line":8,"column":14}},"loc":{"start":{"line":8,"column":27},"end":{"line":11,"column":1}},"line":8},"1":{"name":"(anonymous_1)","decl":{"start":{"line":14,"column":18},"end":{"line":14,"column":19}},"loc":{"start":{"line":14,"column":32},"end":{"line":38,"column":1}},"line":14},"2":{"name":"(anonymous_2)","decl":{"start":{"line":41,"column":20},"end":{"line":41,"column":21}},"loc":{"start":{"line":41,"column":34},"end":{"line":54,"column":1}},"line":41},"3":{"name":"(anonymous_3)","decl":{"start":{"line":56,"column":17},"end":{"line":56,"column":18}},"loc":{"start":{"line":56,"column":31},"end":{"line":80,"column":1}},"line":56},"4":{"name":"(anonymous_4)","decl":{"start":{"line":82,"column":36},"end":{"line":82,"column":37}},"loc":{"start":{"line":82,"column":42},"end":{"line":84,"column":1}},"line":82}},"branchMap":{"0":{"loc":{"start":{"line":34,"column":4},"end":{"line":35,"column":44}},"type":"if","locations":[{"start":{"line":34,"column":4},"end":{"line":35,"column":44}},{"start":{"line":35,"column":9},"end":{"line":35,"column":44}}],"line":34},"1":{"loc":{"start":{"line":49,"column":4},"end":{"line":50,"column":44}},"type":"if","locations":[{"start":{"line":49,"column":4},"end":{"line":50,"column":44}},{"start":{"line":50,"column":9},"end":{"line":50,"column":44}}],"line":49},"2":{"loc":{"start":{"line":74,"column":4},"end":{"line":75,"column":44}},"type":"if","locations":[{"start":{"line":74,"column":4},"end":{"line":75,"column":44}},{"start":{"line":75,"column":9},"end":{"line":75,"column":44}}],"line":74}},"s":{"0":1,"1":1,"2":1,"3":1,"4":1,"5":1,"6":1,"7":1,"8":1,"9":2,"10":2,"11":2,"12":2,"13":2,"14":2,"15":2,"16":2,"17":2,"18":1,"19":1,"20":2,"21":1,"22":2,"23":2,"24":2,"25":2,"26":2,"27":2,"28":1,"29":1,"30":2,"31":2,"32":1,"33":2,"34":2,"35":2,"36":2,"37":2,"38":2,"39":2,"40":2,"41":2,"42":1,"43":1,"44":2,"45":2,"46":1,"47":1,"48":1},"f":{"0":1,"1":2,"2":2,"3":2,"4":1},"b":{"0":[1,1],"1":[1,1],"2":[1,1]},"inputSourceMap":null,"_coverageSchema":"1a1c01bbd47fc00a2c39e90264f33305004495a9","hash":"496b8b0788597286dfa51e44e8949fa0f1cb8318"}
}
