TN:
SF:mockedAPI/index.js
FN:8,(anonymous_0)
FN:14,(anonymous_1)
FN:41,(anonymous_2)
FN:56,(anonymous_3)
FN:82,(anonymous_4)
FNF:5
FNH:5
FNDA:1,(anonymous_0)
FNDA:2,(anonymous_1)
FNDA:2,(anonymous_2)
FNDA:2,(anonymous_3)
FNDA:1,(anonymous_4)
DA:1,1
DA:2,1
DA:3,1
DA:4,1
DA:6,1
DA:8,1
DA:9,1
DA:10,1
DA:14,1
DA:15,2
DA:16,2
DA:17,2
DA:18,2
DA:20,2
DA:22,2
DA:24,2
DA:26,2
DA:34,2
DA:35,1
DA:37,2
DA:41,1
DA:42,2
DA:43,2
DA:45,2
DA:46,2
DA:47,2
DA:49,2
DA:50,1
DA:52,2
DA:53,2
DA:56,1
DA:57,2
DA:58,2
DA:59,2
DA:60,2
DA:62,2
DA:63,2
DA:65,2
DA:67,2
DA:74,2
DA:75,1
DA:77,2
DA:79,2
DA:82,1
DA:83,1
DA:86,1
LF:46
LH:46
BRDA:34,0,0,1
BRDA:34,0,1,1
BRDA:49,1,0,1
BRDA:49,1,1,1
BRDA:74,2,0,1
BRDA:74,2,1,1
BRF:6
BRH:6
end_of_record
